Removed Pin From Net: NetName=OSC_IN Pin=U?-5
Removed Pin From Net: NetName=OSC_OUT Pin=U?-6
Removed Pin From Net: NetName=NRST Pin=U?-7
Removed Pin From Net: NetName=KEY0 Pin=U?-8
Removed Pin From Net: NetName=KEY1 Pin=U?-9
Removed Pin From Net: NetName=KEY2 Pin=U?-10
Removed Pin From Net: NetName=KEY3 Pin=U?-11
Removed Pin From Net: NetName=RX_CAM Pin=U?-16
Removed Pin From Net: NetName=TX_CAM Pin=U?-17
Removed Pin From Net: NetName=USART3_TX Pin=U?-29
Removed Pin From Net: NetName=USART3_RX Pin=U?-30
Removed Pin From Net: NetName=USART1_TX Pin=U?-42
Removed Pin From Net: NetName=USART1_RX Pin=U?-43
Removed Pin From Net: NetName=DIO Pin=U?-46
Removed Pin From Net: NetName=CLK Pin=U?-49
Removed Pin From Net: NetName=UART4_TX Pin=U?-51
Removed Pin From Net: NetName=UART4_RX Pin=U?-52
Removed Pin From Net: NetName=UART5_TX Pin=U?-53
Removed Pin From Net: NetName=UART5_RX Pin=U?-54
Removed Pin From Net: NetName=GND Pin=U?-60
Removed Member From Class: ClassName=stm32_core Member=U?
Change Component Designator: OldDesignator=U? NewDesignator=U1
Added Pin To Net: NetName=OSC_IN Pin=U1-5
Added Pin To Net: NetName=OSC_OUT Pin=U1-6
Added Pin To Net: NetName=NRST Pin=U1-7
Added Pin To Net: NetName=KEY0 Pin=U1-8
Added Pin To Net: NetName=KEY1 Pin=U1-9
Added Pin To Net: NetName=KEY2 Pin=U1-10
Added Pin To Net: NetName=KEY3 Pin=U1-11
Added Pin To Net: NetName=RX_CAM Pin=U1-16
Added Pin To Net: NetName=TX_CAM Pin=U1-17
Added Pin To Net: NetName=USART3_TX Pin=U1-29
Added Pin To Net: NetName=USART3_RX Pin=U1-30
Added Pin To Net: NetName=USART1_TX Pin=U1-42
Added Pin To Net: NetName=USART1_RX Pin=U1-43
Added Pin To Net: NetName=DIO Pin=U1-46
Added Pin To Net: NetName=CLK Pin=U1-49
Added Pin To Net: NetName=UART4_TX Pin=U1-51
Added Pin To Net: NetName=UART4_RX Pin=U1-52
Added Pin To Net: NetName=UART5_TX Pin=U1-53
Added Pin To Net: NetName=UART5_RX Pin=U1-54
Added Pin To Net: NetName=GND Pin=U1-60
Added Member To Class: ClassName=stm32_core Member=Component U1 STM32F103RCT6
