Remove Pin=J1-5 From Net=RX_BLE
Remove Pin=J1-7 From Net=TX_BLE
Remove Pin=J1-13 From Net=SPI_SCL
Remove Pin=J2-4 From Net=CS_6500
Remove Pin=J2-5 From Net=PWM_A1
Remove Pin=J2-7 From Net=PWM_A2
Remove Pin=J2-12 From Net=SPI_MOSI
Remove Pin=J2-14 From Net=SPI_MISO
Remove Pin=J2-16 From Net=CS_LSM
Remove Pin=J3-5 From Net=RX_CAM
Remove Pin=J3-7 From Net=TX_CAM
Remove Pin=J3-17 From Net=SCL_MS
Remove Pin=J3-19 From Net=SDA_MS
Remove Pin=J4-9 From Net=PWM_B1
Remove Pin=J4-11 From Net=PWM_B2
Remove Pin=J6-4 From Net=NRST
Remove Pin=MOTOR-PWM-1 From Net=PWM_A1
Remove Pin=MOTOR-PWM-2 From Net=PWM_A2
Remove Pin=MOTOR-PWM-3 From Net=PWM_B1
Remove Pin=MOTOR-PWM-4 From Net=PWM_B2
Remove Pin=U6-4 From Net=SPI_SCL
Remove Pin=U6-6 From Net=SPI_MOSI
Remove Pin=U6-7 From Net=SPI_MISO
Remove Pin=U6-8 From Net=CS_LSM
Remove Pin=U7-1 From Net=RX_BLE
Remove Pin=U7-2 From Net=TX_BLE
Remove Pin=U8-9 From Net=SPI_MISO
Remove Pin=U8-22 From Net=CS_6500
Remove Pin=U8-23 From Net=SPI_SCL
Remove Pin=U8-24 From Net=SPI_MOSI
Remove Pin=U9.1-8 From Net=KEY0
Remove Pin=U9.1-9 From Net=KEY1
Remove Pin=U9.1-10 From Net=KEY2
Remove Pin=U9.1-11 From Net=KEY3
Remove Pin=U9.1-16 From Net=RX_CAM
Remove Pin=U9.1-17 From Net=TX_CAM
Remove Pin=U9.1-42 From Net=USART1_TX
Remove Pin=U9.1-43 From Net=USART1_RX
Remove Pin=U9.1-46 From Net=DIO
Remove Pin=U9.1-49 From Net=CLK
Remove Pin=U9.1-51 From Net=UART4_TX
Remove Pin=U9.1-52 From Net=UART4_RX
Remove Pin=U9.1-53 From Net=UART5_TX
Remove Pin=U9.1-54 From Net=UART5_RX
Remove Pin=UART4-2 From Net=UART4_TX
Remove Pin=UART4-3 From Net=UART4_RX
Remove Pin=UART5-2 From Net=UART5_TX
Remove Pin=UART5-3 From Net=UART5_RX
Remove Pin=USART1-2 From Net=USART1_TX
Remove Pin=USART1-3 From Net=USART1_RX
